<?xml version="1.0" encoding="UTF-8"?>
<testsuite xmlns:xsi="http://www.w3.org/2001/XMLSchema-instance" xsi:noNamespaceSchemaLocation="https://maven.apache.org/surefire/maven-surefire-plugin/xsd/surefire-test-report.xsd" name="LoginWebTest" time="80.861" tests="4" errors="0" skipped="0" failures="0">
  <properties>
[...]
</properties>
  <testcase name="signInButtonResetPasswordTest" classname="LoginWebTest" time="19.871"/>
  <testcase name="signInButtonSignUpTest" classname="LoginWebTest" time="18.663"/>
  <testcase name="signInButtonMainPageTest" classname="LoginWebTest" time="20.785"/>
  <testcase name="signInButtonUserProfileTest" classname="LoginWebTest" time="21.535"/>
</testsuite>